# JRE version: OpenJDK Runtime Environment (8.0_152-b01) (build 1.8.0_152-release-915-b01)
# Java VM: OpenJDK 64-Bit Server VM (25.152-b01 mixed mode windows-amd64 compressed oops)
Heap:
 PSYoungGen      total 354304K, used 223012K [0x00000000e0000000, 0x00000000f6d80000, 0x0000000100000000)
  eden space 341504K, 65% used [0x00000000e0000000,0x00000000ed9c9328,0x00000000f4d80000)
  from space 12800K, 0% used [0x00000000f6100000,0x00000000f6100000,0x00000000f6d80000)
  to   space 16384K, 0% used [0x00000000f4d80000,0x00000000f4d80000,0x00000000f5d80000)
 ParOldGen       total 162816K, used 15450K [0x00000000a0000000, 0x00000000a9f00000, 0x00000000e0000000)
  object space 162816K, 9% used [0x00000000a0000000,0x00000000a0f169d8,0x00000000a9f00000)
 Metaspace       used 46805K, capacity 48144K, committed 48304K, reserved 1091584K
  class space    used 6182K, capacity 6548K, committed 6576K, reserved 1048576K
GC Heap History (10 events):
Event: 17.377 GC heap before
{Heap before GC invocations=2 (full 0):
 PSYoungGen      total 114688K, used 50887K [0x00000000e0000000, 0x00000000ee000000, 0x0000000100000000)
  eden space 98304K, 37% used [0x00000000e0000000,0x00000000e24708a0,0x00000000e6000000)
  from space 16384K, 82% used [0x00000000e6000000,0x00000000e6d41520,0x00000000e7000000)
  to   space 16384K, 0% used [0x00000000ed000000,0x00000000ed000000,0x00000000ee000000)
 ParOldGen       total 262144K, used 16K [0x00000000a0000000, 0x00000000b0000000, 0x00000000e0000000)
  object space 262144K, 0% used [0x00000000a0000000,0x00000000a0004000,0x00000000b0000000)
 Metaspace       used 20854K, capacity 21252K, committed 21296K, reserved 1067008K
  class space    used 2688K, capacity 2846K, committed 2864K, reserved 1048576K
Event: 17.441 GC heap after
Heap after GC invocations=2 (full 0):
 PSYoungGen      total 212992K, used 9560K [0x00000000e0000000, 0x00000000ee000000, 0x0000000100000000)
  eden space 196608K, 0% used [0x00000000e0000000,0x00000000e0000000,0x00000000ec000000)
  from space 16384K, 58% used [0x00000000ed000000,0x00000000ed956258,0x00000000ee000000)
  to   space 16384K, 0% used [0x00000000ec000000,0x00000000ec000000,0x00000000ed000000)
 ParOldGen       total 262144K, used 24K [0x00000000a0000000, 0x00000000b0000000, 0x00000000e0000000)
  object space 262144K, 0% used [0x00000000a0000000,0x00000000a0006000,0x00000000b0000000)
 Metaspace       used 20854K, capacity 21252K, committed 21296K, reserved 1067008K
  class space    used 2688K, capacity 2846K, committed 2864K, reserved 1048576K
}
Event: 17.441 GC heap before
{Heap before GC invocations=3 (full 1):
 PSYoungGen      total 212992K, used 9560K [0x00000000e0000000, 0x00000000ee000000, 0x0000000100000000)
  eden space 196608K, 0% used [0x00000000e0000000,0x00000000e0000000,0x00000000ec000000)
  from space 16384K, 58% used [0x00000000ed000000,0x00000000ed956258,0x00000000ee000000)
  to   space 16384K, 0% used [0x00000000ec000000,0x00000000ec000000,0x00000000ed000000)
 ParOldGen       total 262144K, used 24K [0x00000000a0000000, 0x00000000b0000000, 0x00000000e0000000)
  object space 262144K, 0% used [0x00000000a0000000,0x00000000a0006000,0x00000000b0000000)
 Metaspace       used 20854K, capacity 21252K, committed 21296K, reserved 1067008K
  class space    used 2688K, capacity 2846K, committed 2864K, reserved 1048576K
Event: 17.589 GC heap after
Heap after GC invocations=3 (full 1):
 PSYoungGen      total 212992K, used 0K [0x00000000e0000000, 0x00000000ee000000, 0x0000000100000000)
  eden space 196608K, 0% used [0x00000000e0000000,0x00000000e0000000,0x00000000ec000000)
  from space 16384K, 0% used [0x00000000ed000000,0x00000000ed000000,0x00000000ee000000)
  to   space 16384K, 0% used [0x00000000ec000000,0x00000000ec000000,0x00000000ed000000)
 ParOldGen       total 126976K, used 9333K [0x00000000a0000000, 0x00000000a7c00000, 0x00000000e0000000)
  object space 126976K, 7% used [0x00000000a0000000,0x00000000a091d6b0,0x00000000a7c00000)
 Metaspace       used 20854K, capacity 21252K, committed 21296K, reserved 1067008K
  class space    used 2688K, capacity 2846K, committed 2864K, reserved 1048576K
}
Event: 33.446 GC heap before
{Heap before GC invocations=4 (full 1):
 PSYoungGen      total 212992K, used 196608K [0x00000000e0000000, 0x00000000ee000000, 0x0000000100000000)
  eden space 196608K, 100% used [0x00000000e0000000,0x00000000ec000000,0x00000000ec000000)
  from space 16384K, 0% used [0x00000000ed000000,0x00000000ed000000,0x00000000ee000000)
  to   space 16384K, 0% used [0x00000000ec000000,0x00000000ec000000,0x00000000ed000000)
 ParOldGen       total 126976K, used 9333K [0x00000000a0000000, 0x00000000a7c00000, 0x00000000e0000000)
  object space 126976K, 7% used [0x00000000a0000000,0x00000000a091d6b0,0x00000000a7c00000)
 Metaspace       used 32254K, capacity 33084K, committed 33200K, reserved 1077248K
  class space    used 4268K, capacity 4501K, committed 4528K, reserved 1048576K
Event: 33.555 GC heap after
Heap after GC invocations=4 (full 1):
 PSYoungGen      total 212992K, used 15665K [0x00000000e0000000, 0x00000000f7100000, 0x0000000100000000)
  eden space 196608K, 0% used [0x00000000e0000000,0x00000000e0000000,0x00000000ec000000)
  from space 16384K, 95% used [0x00000000ec000000,0x00000000ecf4c460,0x00000000ed000000)
  to   space 16384K, 0% used [0x00000000f6100000,0x00000000f6100000,0x00000000f7100000)
 ParOldGen       total 126976K, used 9341K [0x00000000a0000000, 0x00000000a7c00000, 0x00000000e0000000)
  object space 126976K, 7% used [0x00000000a0000000,0x00000000a091f6b0,0x00000000a7c00000)
 Metaspace       used 32254K, capacity 33084K, committed 33200K, reserved 1077248K
  class space    used 4268K, capacity 4501K, committed 4528K, reserved 1048576K
}
Event: 38.265 GC heap before
{Heap before GC invocations=5 (full 1):
 PSYoungGen      total 212992K, used 44329K [0x00000000e0000000, 0x00000000f7100000, 0x0000000100000000)
  eden space 196608K, 14% used [0x00000000e0000000,0x00000000e1bfe030,0x00000000ec000000)
  from space 16384K, 95% used [0x00000000ec000000,0x00000000ecf4c460,0x00000000ed000000)
  to   space 16384K, 0% used [0x00000000f6100000,0x00000000f6100000,0x00000000f7100000)
 ParOldGen       total 126976K, used 9341K [0x00000000a0000000, 0x00000000a7c00000, 0x00000000e0000000)
  object space 126976K, 7% used [0x00000000a0000000,0x00000000a091f6b0,0x00000000a7c00000)
 Metaspace       used 34517K, capacity 35288K, committed 35496K, reserved 1079296K
  class space    used 4567K, capacity 4809K, committed 4912K, reserved 1048576K
Event: 38.340 GC heap after
Heap after GC invocations=5 (full 1):
 PSYoungGen      total 354304K, used 8417K [0x00000000e0000000, 0x00000000f6d80000, 0x0000000100000000)
  eden space 341504K, 0% used [0x00000000e0000000,0x00000000e0000000,0x00000000f4d80000)
  from space 12800K, 65% used [0x00000000f6100000,0x00000000f6938638,0x00000000f6d80000)
  to   space 16384K, 0% used [0x00000000f4d80000,0x00000000f4d80000,0x00000000f5d80000)
 ParOldGen       total 126976K, used 9349K [0x00000000a0000000, 0x00000000a7c00000, 0x00000000e0000000)
  object space 126976K, 7% used [0x00000000a0000000,0x00000000a09216b0,0x00000000a7c00000)
 Metaspace       used 34517K, capacity 35288K, committed 35496K, reserved 1079296K
  class space    used 4567K, capacity 4809K, committed 4912K, reserved 1048576K
}
Event: 38.340 GC heap before
{Heap before GC invocations=6 (full 2):
 PSYoungGen      total 354304K, used 8417K [0x00000000e0000000, 0x00000000f6d80000, 0x0000000100000000)
  eden space 341504K, 0% used [0x00000000e0000000,0x00000000e0000000,0x00000000f4d80000)
  from space 12800K, 65% used [0x00000000f6100000,0x00000000f6938638,0x00000000f6d80000)
  to   space 16384K, 0% used [0x00000000f4d80000,0x00000000f4d80000,0x00000000f5d80000)
 ParOldGen       total 126976K, used 9349K [0x00000000a0000000, 0x00000000a7c00000, 0x00000000e0000000)
  object space 126976K, 7% used [0x00000000a0000000,0x00000000a09216b0,0x00000000a7c00000)
 Metaspace       used 34517K, capacity 35288K, committed 35496K, reserved 1079296K
  class space    used 4567K, capacity 4809K, committed 4912K, reserved 1048576K
Event: 38.488 GC heap after
Heap after GC invocations=6 (full 2):
 PSYoungGen      total 354304K, used 0K [0x00000000e0000000, 0x00000000f6d80000, 0x0000000100000000)
  eden space 341504K, 0% used [0x00000000e0000000,0x00000000e0000000,0x00000000f4d80000)
  from space 12800K, 0% used [0x00000000f6100000,0x00000000f6100000,0x00000000f6d80000)
  to   space 16384K, 0% used [0x00000000f4d80000,0x00000000f4d80000,0x00000000f5d80000)
 ParOldGen       total 162816K, used 15450K [0x00000000a0000000, 0x00000000a9f00000, 0x00000000e0000000)
  object space 162816K, 9% used [0x00000000a0000000,0x00000000a0f169d8,0x00000000a9f00000)
 Metaspace       used 34517K, capacity 35288K, committed 35496K, reserved 1079296K
  class space    used 4567K, capacity 4809K, committed 4912K, reserved 1048576K
}

