# JRE version: OpenJDK Runtime Environment (8.0_152-b01) (build 1.8.0_152-release-915-b01)
# Java VM: OpenJDK 64-Bit Server VM (25.152-b01 mixed mode windows-amd64 compressed oops)
Heap:
 PSYoungGen      total 392192K, used 105848K [0x00000000e0000000, 0x00000000fd800000, 0x0000000100000000)
  eden space 367616K, 28% used [0x00000000e0000000,0x00000000e675e150,0x00000000f6700000)
  from space 24576K, 0% used [0x00000000f8200000,0x00000000f8200000,0x00000000f9a00000)
  to   space 27648K, 0% used [0x00000000f6700000,0x00000000f6700000,0x00000000f8200000)
 ParOldGen       total 326656K, used 56875K [0x00000000a0000000, 0x00000000b3f00000, 0x00000000e0000000)
  object space 326656K, 17% used [0x00000000a0000000,0x00000000a378ae78,0x00000000b3f00000)
 Metaspace       used 60653K, capacity 63298K, committed 63488K, reserved 1103872K
  class space    used 8216K, capacity 8891K, committed 8960K, reserved 1048576K
GC Heap History (10 events):
Event: 20.378 GC heap before
{Heap before GC invocations=7 (full 2):
 PSYoungGen      total 156160K, used 9635K [0x00000000e0000000, 0x00000000f0300000, 0x0000000100000000)
  eden space 139776K, 0% used [0x00000000e0000000,0x00000000e0000000,0x00000000e8880000)
  from space 16384K, 58% used [0x00000000e8880000,0x00000000e91e8d68,0x00000000e9880000)
  to   space 11776K, 0% used [0x00000000ef780000,0x00000000ef780000,0x00000000f0300000)
 ParOldGen       total 163328K, used 10569K [0x00000000a0000000, 0x00000000a9f80000, 0x00000000e0000000)
  object space 163328K, 6% used [0x00000000a0000000,0x00000000a0a526b0,0x00000000a9f80000)
 Metaspace       used 34410K, capacity 35268K, committed 35416K, reserved 1079296K
  class space    used 4682K, capacity 5006K, committed 5120K, reserved 1048576K
Event: 20.582 GC heap after
Heap after GC invocations=7 (full 2):
 PSYoungGen      total 156160K, used 0K [0x00000000e0000000, 0x00000000f0300000, 0x0000000100000000)
  eden space 139776K, 0% used [0x00000000e0000000,0x00000000e0000000,0x00000000e8880000)
  from space 16384K, 0% used [0x00000000e8880000,0x00000000e8880000,0x00000000e9880000)
  to   space 11776K, 0% used [0x00000000ef780000,0x00000000ef780000,0x00000000f0300000)
 ParOldGen       total 229888K, used 16318K [0x00000000a0000000, 0x00000000ae080000, 0x00000000e0000000)
  object space 229888K, 7% used [0x00000000a0000000,0x00000000a0fefa70,0x00000000ae080000)
 Metaspace       used 34410K, capacity 35268K, committed 35416K, reserved 1079296K
  class space    used 4682K, capacity 5006K, committed 5120K, reserved 1048576K
}
Event: 25.304 GC heap before
{Heap before GC invocations=8 (full 2):
 PSYoungGen      total 156160K, used 139776K [0x00000000e0000000, 0x00000000f0300000, 0x0000000100000000)
  eden space 139776K, 100% used [0x00000000e0000000,0x00000000e8880000,0x00000000e8880000)
  from space 16384K, 0% used [0x00000000e8880000,0x00000000e8880000,0x00000000e9880000)
  to   space 11776K, 0% used [0x00000000ef780000,0x00000000ef780000,0x00000000f0300000)
 ParOldGen       total 229888K, used 16318K [0x00000000a0000000, 0x00000000ae080000, 0x00000000e0000000)
  object space 229888K, 7% used [0x00000000a0000000,0x00000000a0fefa70,0x00000000ae080000)
 Metaspace       used 46880K, capacity 47982K, committed 48256K, reserved 1091584K
  class space    used 6302K, capacity 6691K, committed 6784K, reserved 1048576K
Event: 25.542 GC heap after
Heap after GC invocations=8 (full 2):
 PSYoungGen      total 243200K, used 11765K [0x00000000e0000000, 0x00000000f0300000, 0x0000000100000000)
  eden space 231424K, 0% used [0x00000000e0000000,0x00000000e0000000,0x00000000ee200000)
  from space 11776K, 99% used [0x00000000ef780000,0x00000000f02fd770,0x00000000f0300000)
  to   space 14336K, 0% used [0x00000000ee700000,0x00000000ee700000,0x00000000ef500000)
 ParOldGen       total 229888K, used 19541K [0x00000000a0000000, 0x00000000ae080000, 0x00000000e0000000)
  object space 229888K, 8% used [0x00000000a0000000,0x00000000a13155b0,0x00000000ae080000)
 Metaspace       used 46880K, capacity 47982K, committed 48256K, reserved 1091584K
  class space    used 6302K, capacity 6691K, committed 6784K, reserved 1048576K
}
Event: 39.149 GC heap before
{Heap before GC invocations=9 (full 2):
 PSYoungGen      total 243200K, used 243189K [0x00000000e0000000, 0x00000000f0300000, 0x0000000100000000)
  eden space 231424K, 100% used [0x00000000e0000000,0x00000000ee200000,0x00000000ee200000)
  from space 11776K, 99% used [0x00000000ef780000,0x00000000f02fd770,0x00000000f0300000)
  to   space 14336K, 0% used [0x00000000ee700000,0x00000000ee700000,0x00000000ef500000)
 ParOldGen       total 229888K, used 19541K [0x00000000a0000000, 0x00000000ae080000, 0x00000000e0000000)
  object space 229888K, 8% used [0x00000000a0000000,0x00000000a13155b0,0x00000000ae080000)
 Metaspace       used 55553K, capacity 58058K, committed 58112K, reserved 1099776K
  class space    used 7581K, capacity 8173K, committed 8192K, reserved 1048576K
Event: 39.223 GC heap after
Heap after GC invocations=9 (full 2):
 PSYoungGen      total 250880K, used 14309K [0x00000000e0000000, 0x00000000f9a00000, 0x0000000100000000)
  eden space 236544K, 0% used [0x00000000e0000000,0x00000000e0000000,0x00000000ee700000)
  from space 14336K, 99% used [0x00000000ee700000,0x00000000ef4f94d0,0x00000000ef500000)
  to   space 24576K, 0% used [0x00000000f8200000,0x00000000f8200000,0x00000000f9a00000)
 ParOldGen       total 229888K, used 38535K [0x00000000a0000000, 0x00000000ae080000, 0x00000000e0000000)
  object space 229888K, 16% used [0x00000000a0000000,0x00000000a25a1f80,0x00000000ae080000)
 Metaspace       used 55553K, capacity 58058K, committed 58112K, reserved 1099776K
  class space    used 7581K, capacity 8173K, committed 8192K, reserved 1048576K
}
Event: 40.771 GC heap before
{Heap before GC invocations=10 (full 2):
 PSYoungGen      total 250880K, used 96663K [0x00000000e0000000, 0x00000000f9a00000, 0x0000000100000000)
  eden space 236544K, 34% used [0x00000000e0000000,0x00000000e506cab8,0x00000000ee700000)
  from space 14336K, 99% used [0x00000000ee700000,0x00000000ef4f94d0,0x00000000ef500000)
  to   space 24576K, 0% used [0x00000000f8200000,0x00000000f8200000,0x00000000f9a00000)
 ParOldGen       total 229888K, used 38535K [0x00000000a0000000, 0x00000000ae080000, 0x00000000e0000000)
  object space 229888K, 16% used [0x00000000a0000000,0x00000000a25a1f80,0x00000000ae080000)
 Metaspace       used 56378K, capacity 58946K, committed 59028K, reserved 1099776K
  class space    used 7723K, capacity 8384K, committed 8448K, reserved 1048576K
Event: 41.136 GC heap after
Heap after GC invocations=10 (full 2):
 PSYoungGen      total 392192K, used 24131K [0x00000000e0000000, 0x00000000fd800000, 0x0000000100000000)
  eden space 367616K, 0% used [0x00000000e0000000,0x00000000e0000000,0x00000000f6700000)
  from space 24576K, 98% used [0x00000000f8200000,0x00000000f9990db8,0x00000000f9a00000)
  to   space 27648K, 0% used [0x00000000f6700000,0x00000000f6700000,0x00000000f8200000)
 ParOldGen       total 229888K, used 38543K [0x00000000a0000000, 0x00000000ae080000, 0x00000000e0000000)
  object space 229888K, 16% used [0x00000000a0000000,0x00000000a25a3f80,0x00000000ae080000)
 Metaspace       used 56378K, capacity 58946K, committed 59028K, reserved 1099776K
  class space    used 7723K, capacity 8384K, committed 8448K, reserved 1048576K
}
Event: 41.136 GC heap before
{Heap before GC invocations=11 (full 3):
 PSYoungGen      total 392192K, used 24131K [0x00000000e0000000, 0x00000000fd800000, 0x0000000100000000)
  eden space 367616K, 0% used [0x00000000e0000000,0x00000000e0000000,0x00000000f6700000)
  from space 24576K, 98% used [0x00000000f8200000,0x00000000f9990db8,0x00000000f9a00000)
  to   space 27648K, 0% used [0x00000000f6700000,0x00000000f6700000,0x00000000f8200000)
 ParOldGen       total 229888K, used 38543K [0x00000000a0000000, 0x00000000ae080000, 0x00000000e0000000)
  object space 229888K, 16% used [0x00000000a0000000,0x00000000a25a3f80,0x00000000ae080000)
 Metaspace       used 56378K, capacity 58946K, committed 59028K, reserved 1099776K
  class space    used 7723K, capacity 8384K, committed 8448K, reserved 1048576K
Event: 42.847 GC heap after
Heap after GC invocations=11 (full 3):
 PSYoungGen      total 392192K, used 0K [0x00000000e0000000, 0x00000000fd800000, 0x0000000100000000)
  eden space 367616K, 0% used [0x00000000e0000000,0x00000000e0000000,0x00000000f6700000)
  from space 24576K, 0% used [0x00000000f8200000,0x00000000f8200000,0x00000000f9a00000)
  to   space 27648K, 0% used [0x00000000f6700000,0x00000000f6700000,0x00000000f8200000)
 ParOldGen       total 326656K, used 56875K [0x00000000a0000000, 0x00000000b3f00000, 0x00000000e0000000)
  object space 326656K, 17% used [0x00000000a0000000,0x00000000a378ae78,0x00000000b3f00000)
 Metaspace       used 56378K, capacity 58946K, committed 59028K, reserved 1099776K
  class space    used 7723K, capacity 8384K, committed 8448K, reserved 1048576K
}

